<?xml version="1.0" encoding="UTF-8"?>
<!-- Generated by org.testng.reporters.JUnitReportReporter -->
<testsuite skipped="0" hostname="Poornas-MacBook-Pro.local" name="com.crm.qa.testcases.ContactsPageTest" tests="3" failures="0" timestamp="25 May 2021 00:58:34 GMT" time="16.929" errors="0">
  <testcase name="verifyContactsLinkTest" time="5.213" classname="com.crm.qa.testcases.ContactsPageTest"/>
  <testcase name="verifyShowFilterLabel" time="6.145" classname="com.crm.qa.testcases.ContactsPageTest"/>
  <testcase name="verifySingleSelectContactByNameTest" time="5.571" classname="com.crm.qa.testcases.ContactsPageTest"/>
</testsuite> <!-- com.crm.qa.testcases.ContactsPageTest -->
