<?xml version="1.0" encoding="UTF-8"?>
<!-- Generated by org.testng.reporters.JUnitReportReporter -->
<testsuite skipped="0" hostname="Poornas-MacBook-Pro.local" name="com.crm.qa.testcases.LoginPageTest" tests="3" failures="0" timestamp="25 May 2021 00:58:29 GMT" time="13.671" errors="0">
  <testcase name="loginPageTitleTest" time="4.718" classname="com.crm.qa.testcases.LoginPageTest"/>
  <testcase name="crmLogoImageTest" time="4.338" classname="com.crm.qa.testcases.LoginPageTest"/>
  <testcase name="loginTest" time="4.615" classname="com.crm.qa.testcases.LoginPageTest"/>
</testsuite> <!-- com.crm.qa.testcases.LoginPageTest -->
