<?xml version="1.0" encoding="UTF-8"?>
<!-- Generated by org.testng.reporters.JUnitReportReporter -->
<testsuite skipped="0" hostname="Poornas-MacBook-Pro.local" name="com.crm.qa.testcases.HomePageTest" tests="3" failures="0" timestamp="25 May 2021 00:58:24 GMT" time="14.211" errors="0">
  <testcase name="verifyHomePageTitleTest" time="4.413" classname="com.crm.qa.testcases.HomePageTest"/>
  <testcase name="verifyCurrectUserNameTest" time="4.331" classname="com.crm.qa.testcases.HomePageTest"/>
  <testcase name="verifyClickOnContactLink" time="5.467" classname="com.crm.qa.testcases.HomePageTest"/>
</testsuite> <!-- com.crm.qa.testcases.HomePageTest -->
