<?xml version="1.0" encoding="UTF-8"?>
<!-- Generated by org.testng.reporters.JUnitReportReporter -->
<testsuite hostname="Poornas-MacBook-Pro.local" failures="0" tests="3" name="com.crm.qa.testcases.HomePageTest" time="13.069" errors="0" timestamp="25 May 2021 01:09:10 GMT" skipped="0">
  <testcase classname="com.crm.qa.testcases.HomePageTest" name="verifyHomePageTitleTest" time="3.520"/>
  <testcase classname="com.crm.qa.testcases.HomePageTest" name="verifyCurrectUserNameTest" time="4.232"/>
  <testcase classname="com.crm.qa.testcases.HomePageTest" name="verifyClickOnContactLink" time="5.317"/>
</testsuite> <!-- com.crm.qa.testcases.HomePageTest -->
