<?xml version="1.0" encoding="UTF-8"?>
<!-- Generated by org.testng.reporters.JUnitReportReporter -->
<testsuite hostname="Poornas-MacBook-Pro.local" failures="0" tests="3" name="com.crm.qa.testcases.LoginPageTest" time="10.614" errors="0" timestamp="25 May 2021 01:09:10 GMT" skipped="0">
  <testcase classname="com.crm.qa.testcases.LoginPageTest" name="loginPageTitleTest" time="3.695"/>
  <testcase classname="com.crm.qa.testcases.LoginPageTest" name="crmLogoImageTest" time="3.388"/>
  <testcase classname="com.crm.qa.testcases.LoginPageTest" name="loginTest" time="3.531"/>
</testsuite> <!-- com.crm.qa.testcases.LoginPageTest -->
