<?xml version="1.0" encoding="UTF-8"?>
<!-- Generated by org.testng.reporters.JUnitReportReporter -->
<testsuite hostname="Poornas-MacBook-Pro.local" failures="0" tests="3" name="com.crm.qa.testcases.ContactsPageTest" time="14.133" errors="0" timestamp="25 May 2021 01:09:10 GMT" skipped="0">
  <testcase classname="com.crm.qa.testcases.ContactsPageTest" name="verifyContactsLinkTest" time="4.363"/>
  <testcase classname="com.crm.qa.testcases.ContactsPageTest" name="verifyShowFilterLabel" time="4.498"/>
  <testcase classname="com.crm.qa.testcases.ContactsPageTest" name="verifySingleSelectContactByNameTest" time="5.272"/>
</testsuite> <!-- com.crm.qa.testcases.ContactsPageTest -->
